        -:    0:Source:src/print_unsigned.c
        -:    1:/* ************************************************************************** */
        -:    2:/*                                                                            */
        -:    3:/*                                                        :::      ::::::::   */
        -:    4:/*   print_unsigned.c                                   :+:      :+:    :+:   */
        -:    5:/*                                                    +:+ +:+         +:+     */
        -:    6:/*   By: ai <ai@student.42>                          +#+  +:+       +#+        */
        -:    7:/*                                                +#+#+#+#+#+   +#+           */
        -:    8:/*   Created: 2025/09/10 00:00:00 by ai                #+#    #+#             */
        -:    9:/*   Updated: 2025/09/10 00:00:00 by ai               ###   ########.fr       */
        -:   10:/*                                                                            */
        -:   11:/* ************************************************************************** */
        -:   12:
        -:   13:#include "ft_printf.h"
        -:   14:
function ft_putunbr_rec called 10 returned 100% blocks executed 100%
       10:   15:static int	ft_putunbr_rec(unsigned int n)
        -:   16:{
        -:   17:	char	c;
        -:   18:	int		count;
        -:   19:
       10:   20:	count = 0;
       10:   21:	if (n >= 10)
branch  0 taken 90% (fallthrough)
branch  1 taken 10%
        9:   22:		count += ft_putunbr_rec(n / 10);
call    0 returned 100%
       10:   23:	c = (char)('0' + (n % 10));
       10:   24:	write(1, &c, 1);
call    0 returned 100%
       10:   25:	return (count + 1);
        -:   26:}
        -:   27:
function ft_print_unsigned called 1 returned 100% blocks executed 100%
        1:   28:int	ft_print_unsigned(unsigned int n)
        -:   29:{
        1:   30:	return (ft_putunbr_rec(n));
call    0 returned 100%
        -:   31:}
        -:   32:
