        -:    0:Source:src/print_char_str.c
        -:    1:/* ************************************************************************** */
        -:    2:/*                                                                            */
        -:    3:/*                                                        :::      ::::::::   */
        -:    4:/*   print_char_str.c                                   :+:      :+:    :+:   */
        -:    5:/*                                                    +:+ +:+         +:+     */
        -:    6:/*   By: ai <ai@student.42>                          +#+  +:+       +#+        */
        -:    7:/*                                                +#+#+#+#+#+   +#+           */
        -:    8:/*   Created: 2025/09/10 00:00:00 by ai                #+#    #+#             */
        -:    9:/*   Updated: 2025/09/10 00:00:00 by ai               ###   ########.fr       */
        -:   10:/*                                                                            */
        -:   11:/* ************************************************************************** */
        -:   12:
        -:   13:#include "ft_printf.h"
        -:   14:
function ft_print_char called 1 returned 100% blocks executed 100%
        1:   15:int	ft_print_char(char c)
        -:   16:{
        1:   17:	write(1, &c, 1);
call    0 returned 100%
        1:   18:	return (1);
        -:   19:}
        -:   20:
function ft_print_string called 2 returned 100% blocks executed 100%
        2:   21:int	ft_print_string(const char *s)
        -:   22:{
        -:   23:	size_t	len;
        -:   24:
        2:   25:	if (s == NULL)
branch  0 taken 50% (fallthrough)
branch  1 taken 50%
        -:   26:	{
        1:   27:		len = ft_strlen(NULL_STR);
call    0 returned 100%
        1:   28:		write(1, NULL_STR, len);
call    0 returned 100%
        1:   29:		return ((int)len);
        -:   30:	}
        1:   31:	len = ft_strlen(s);
call    0 returned 100%
        1:   32:	write(1, s, len);
call    0 returned 100%
        1:   33:	return ((int)len);
        -:   34:}
        -:   35:
function ft_print_percent called 1 returned 100% blocks executed 100%
        1:   36:int	ft_print_percent(void)
        -:   37:{
        1:   38:	write(1, "%", 1);
call    0 returned 100%
        1:   39:	return (1);
        -:   40:}
        -:   41:
