        -:    0:Source:src/print_pointer.c
        -:    1:/* ************************************************************************** */
        -:    2:/*                                                                            */
        -:    3:/*                                                        :::      ::::::::   */
        -:    4:/*   print_pointer.c                                    :+:      :+:    :+:   */
        -:    5:/*                                                    +:+ +:+         +:+     */
        -:    6:/*   By: ai <ai@student.42>                          +#+  +:+       +#+        */
        -:    7:/*                                                +#+#+#+#+#+   +#+           */
        -:    8:/*   Created: 2025/09/10 00:00:00 by ai                #+#    #+#             */
        -:    9:/*   Updated: 2025/09/10 00:00:00 by ai               ###   ########.fr       */
        -:   10:/*                                                                            */
        -:   11:/* ************************************************************************** */
        -:   12:
        -:   13:#include "ft_printf.h"
        -:   14:
function ft_print_pointer called 2 returned 100% blocks executed 100%
        2:   15:int	ft_print_pointer(void *ptr)
        -:   16:{
        -:   17:	uintptr_t	addr;
        -:   18:	int			count;
        -:   19:
        2:   20:	if (ptr == NULL)
branch  0 taken 50% (fallthrough)
branch  1 taken 50%
        -:   21:	{
        1:   22:		write(1, "(nil)", 5);
call    0 returned 100%
        1:   23:		return (5);
        -:   24:	}
        1:   25:	addr = (uintptr_t)ptr;
        1:   26:	write(1, "0x", 2);
call    0 returned 100%
        1:   27:	count = 2;
        1:   28:	count += ft_put_unbr_base((unsigned long long)addr, HEX_LOWER);
call    0 returned 100%
        1:   29:	return (count);
        -:   30:}
        -:   31:
