        -:    0:Source:src/utils.c
        -:    1:/* ************************************************************************** */
        -:    2:/*                                                                            */
        -:    3:/*                                                        :::      ::::::::   */
        -:    4:/*   utils.c                                            :+:      :+:    :+:   */
        -:    5:/*                                                    +:+ +:+         +:+     */
        -:    6:/*   By: ai <ai@student.42>                          +#+  +:+       +#+        */
        -:    7:/*                                                +#+#+#+#+#+   +#+           */
        -:    8:/*   Created: 2025/09/10 00:00:00 by ai                #+#    #+#             */
        -:    9:/*   Updated: 2025/09/10 00:00:00 by ai               ###   ########.fr       */
        -:   10:/*                                                                            */
        -:   11:/* ************************************************************************** */
        -:   12:
        -:   13:#include "ft_printf.h"
        -:   14:
function ft_strlen called 12 returned 100% blocks executed 100%
       12:   15:size_t	ft_strlen(const char *s)
        -:   16:{
        -:   17:	size_t	len;
        -:   18:
       12:   19:	if (s == NULL)
branch  0 taken 8% (fallthrough)
branch  1 taken 92%
        1:   20:		return (0);
       11:   21:	len = 0;
      139:   22:	while (s[len] != '\0')
branch  0 taken 92%
branch  1 taken 8% (fallthrough)
      128:   23:		len++;
       11:   24:	return (len);
        -:   25:}
        -:   26:
